<?xml version="1.0" encoding="UTF-8" ?>
<testsuite tests="10" failures="0" name="ru.progwards.java2.lessons.builders.SimpleCalculatorSumAndDiffTest" time="0" errors="0" skipped="0">
  <properties>
    <property name="java.runtime.name" value="Java(TM) SE Runtime Environment"/>
    <property name="java.vm.version" value="13.0.1+9"/>
    <property name="sun.boot.library.path" value="C:\Java\jdk-13.0.1\bin"/>
    <property name="maven.multiModuleProjectDirectory" value="C:\programmirovanie\project\Homework\src\ru\progwards\java2\lessons\builders\MavenCalculator"/>
    <property name="java.vm.vendor" value="Oracle Corporation"/>
    <property name="java.vendor.url" value="https://java.oracle.com/"/>
    <property name="guice.disable.misplaced.annotation.check" value="true"/>
    <property name="path.separator" value=";"/>
    <property name="java.vm.name" value="Java HotSpot(TM) 64-Bit Server VM"/>
    <property name="sun.os.patch.level" value=""/>
    <property name="user.script" value=""/>
    <property name="user.country" value="RU"/>
    <property name="sun.java.launcher" value="SUN_STANDARD"/>
    <property name="java.vm.specification.name" value="Java Virtual Machine Specification"/>
    <property name="user.dir" value="C:\programmirovanie\project\Homework\src\ru\progwards\java2\lessons\builders\MavenCalculator"/>
    <property name="java.vm.compressedOopsMode" value="32-bit"/>
    <property name="java.runtime.version" value="13.0.1+9"/>
    <property name="os.arch" value="amd64"/>
    <property name="java.io.tmpdir" value="C:\Users\vovak\AppData\Local\Temp\"/>
    <property name="line.separator" value="
"/>
    <property name="java.vm.specification.vendor" value="Oracle Corporation"/>
    <property name="user.variant" value=""/>
    <property name="os.name" value="Windows 10"/>
    <property name="maven.ext.class.path" value="C:\PO for prog\IntelliJ IDEA Community Edition 2020.1.2\plugins\maven\lib\maven-event-listener.jar"/>
    <property name="classworlds.conf" value="C:\PO for prog\IntelliJ IDEA Community Edition 2020.1.2\plugins\maven\lib\maven3\bin\m2.conf"/>
    <property name="sun.jnu.encoding" value="Cp1251"/>
    <property name="java.library.path" value="C:\Java\jdk-13.0.1\bin;C:\Windows\Sun\Java\bin;C:\Windows\system32;C:\Windows;C:\Windows\system32;C:\Windows;C:\Windows\System32\Wbem;C:\Windows\System32\WindowsPowerShell\v1.0\;C:\Windows\System32\OpenSSH\;C:\Java\jdk-13.0.1\bin;C:\PO for prog\Git\cmd;C:\programmirovanie\Builders\apache-maven-3.8.1\bin;."/>
    <property name="maven.conf" value="C:\PO for prog\IntelliJ IDEA Community Edition 2020.1.2\plugins\maven\lib\maven3/conf"/>
    <property name="jdk.debug" value="release"/>
    <property name="java.class.version" value="57.0"/>
    <property name="java.specification.name" value="Java Platform API Specification"/>
    <property name="sun.management.compiler" value="HotSpot 64-Bit Tiered Compilers"/>
    <property name="os.version" value="10.0"/>
    <property name="user.home" value="C:\Users\vovak"/>
    <property name="user.timezone" value="Europe/Moscow"/>
    <property name="file.encoding" value="UTF-8"/>
    <property name="java.specification.version" value="13"/>
    <property name="user.name" value="vovak"/>
    <property name="java.class.path" value="C:\PO for prog\IntelliJ IDEA Community Edition 2020.1.2\plugins\maven\lib\maven3\boot\plexus-classworlds-2.6.0.jar;C:\PO for prog\IntelliJ IDEA Community Edition 2020.1.2\plugins\maven\lib\maven3\boot\plexus-classworlds.license"/>
    <property name="java.vm.specification.version" value="13"/>
    <property name="sun.arch.data.model" value="64"/>
    <property name="sun.java.command" value="org.codehaus.classworlds.Launcher -Didea.version2020.1.4 install"/>
    <property name="java.home" value="C:\Java\jdk-13.0.1"/>
    <property name="idea.version2020.1.4" value="true"/>
    <property name="user.language" value="ru"/>
    <property name="java.specification.vendor" value="Oracle Corporation"/>
    <property name="java.vm.info" value="mixed mode, sharing"/>
    <property name="java.version" value="13.0.1"/>
    <property name="java.vendor" value="Oracle Corporation"/>
    <property name="maven.home" value="C:\PO for prog\IntelliJ IDEA Community Edition 2020.1.2\plugins\maven\lib\maven3"/>
    <property name="file.separator" value="\"/>
    <property name="java.version.date" value="2019-10-15"/>
    <property name="java.vendor.url.bug" value="https://bugreport.java.com/bugreport/"/>
    <property name="sun.io.unicode.encoding" value="UnicodeLittle"/>
    <property name="sun.cpu.endian" value="little"/>
    <property name="sun.cpu.isalist" value="amd64"/>
  </properties>
  <testcase classname="ru.progwards.java2.lessons.builders.SimpleCalculatorSumAndDiffTest$DiffExceptionSimpleCalculatorTest" name="diffException" time="0"/>
  <testcase classname="ru.progwards.java2.lessons.builders.SimpleCalculatorSumAndDiffTest$DiffSimpleCalculatorTest" name="diff[ТестDiff0: 5 = 10 - 5]" time="0"/>
  <testcase classname="ru.progwards.java2.lessons.builders.SimpleCalculatorSumAndDiffTest$DiffSimpleCalculatorTest" name="diff[ТестDiff1: 2 = 10 - 8]" time="0"/>
  <testcase classname="ru.progwards.java2.lessons.builders.SimpleCalculatorSumAndDiffTest$DiffSimpleCalculatorTest" name="diff[ТестDiff2: 150 = 1 000 - 850]" time="0"/>
  <testcase classname="ru.progwards.java2.lessons.builders.SimpleCalculatorSumAndDiffTest$DiffSimpleCalculatorTest" name="diff[ТестDiff3: 0 = 6 - 6]" time="0"/>
  <testcase classname="ru.progwards.java2.lessons.builders.SimpleCalculatorSumAndDiffTest$SumExceptionSimpleCalculatorTest" name="sumException" time="0"/>
  <testcase classname="ru.progwards.java2.lessons.builders.SimpleCalculatorSumAndDiffTest$SumSimpleCalculatorTest" name="sum[Test 0: 5 = (2) + (3)]" time="0"/>
  <testcase classname="ru.progwards.java2.lessons.builders.SimpleCalculatorSumAndDiffTest$SumSimpleCalculatorTest" name="sum[Test 1: 3 = (2) + (1)]" time="0"/>
  <testcase classname="ru.progwards.java2.lessons.builders.SimpleCalculatorSumAndDiffTest$SumSimpleCalculatorTest" name="sum[Test 2: 4 = (2) + (2)]" time="0"/>
  <testcase classname="ru.progwards.java2.lessons.builders.SimpleCalculatorSumAndDiffTest$SumSimpleCalculatorTest" name="sum[Test 3: 10 = (5) + (5)]" time="0"/>
</testsuite>